[debug] [2020-08-03T00:45:58.764Z] ----------------------------------------------------------------------
[debug] [2020-08-03T00:45:58.770Z] Command:       C:\Program Files\nodejs\node.exe C:\Users\Rooshan Ahmed\AppData\Local\Yarn\Data\global\node_modules\firebase-tools\lib\bin\firebase.js init
[debug] [2020-08-03T00:45:58.770Z] CLI Version:   8.6.0
[debug] [2020-08-03T00:45:58.771Z] Platform:      win32
[debug] [2020-08-03T00:45:58.771Z] Node Version:  v12.17.0
[debug] [2020-08-03T00:45:58.773Z] Time:          Mon Aug 03 2020 05:45:58 GMT+0500 (Pakistan Standard Time)
[debug] [2020-08-03T00:45:58.773Z] ----------------------------------------------------------------------
[debug] [2020-08-03T00:45:58.774Z] 
[debug] [2020-08-03T00:45:58.790Z] > command requires scopes: ["email","openid","https://www.googleapis.com/auth/cloudplatformprojects.readonly","https://www.googleapis.com/auth/firebase","https://www.googleapis.com/auth/cloud-platform"]
[debug] [2020-08-03T00:45:58.791Z] > authorizing via signed-in user
[info] 
     ######## #### ########  ######## ########     ###     ######  ########
     ##        ##  ##     ## ##       ##     ##  ##   ##  ##       ##
     ######    ##  ########  ######   ########  #########  ######  ######
     ##        ##  ##    ##  ##       ##     ## ##     ##       ## ##
     ##       #### ##     ## ######## ########  ##     ##  ######  ########

You're about to initialize a Firebase project in this directory:

  C:\Users\Rooshan Ahmed\Desktop\firebase-messaging

[info] 
=== Project Setup
[info] 
[info] First, let's associate this project directory with a Firebase project.
[info] You can create multiple project aliases by running firebase use --add, 
[info] but for now we'll just set up a default project.
[info] 
